2025-05-18 14:00:30,525 INFO o.a.j.u.JMeterUtils: Setting Locale to en_EN
2025-05-18 14:00:30,537 INFO o.a.j.JMeter: Loading user properties from: /opt/jmeter/bin/user.properties
2025-05-18 14:00:30,538 INFO o.a.j.JMeter: Loading system properties from: /opt/jmeter/bin/system.properties
2025-05-18 14:00:30,544 INFO o.a.j.JMeter: Copyright (c) 1998-2024 The Apache Software Foundation
2025-05-18 14:00:30,545 INFO o.a.j.JMeter: Version 5.6.3
2025-05-18 14:00:30,545 INFO o.a.j.JMeter: java.version=1.8.0_452
2025-05-18 14:00:30,545 INFO o.a.j.JMeter: java.vm.name=OpenJDK 64-Bit Server VM
2025-05-18 14:00:30,545 INFO o.a.j.JMeter: os.name=Linux
2025-05-18 14:00:30,545 INFO o.a.j.JMeter: os.arch=amd64
2025-05-18 14:00:30,545 INFO o.a.j.JMeter: os.version=6.11.0-25-generic
2025-05-18 14:00:30,545 INFO o.a.j.JMeter: file.encoding=UTF-8
2025-05-18 14:00:30,545 INFO o.a.j.JMeter: java.awt.headless=null
2025-05-18 14:00:30,545 INFO o.a.j.JMeter: Max memory     =1073741824
2025-05-18 14:00:30,546 INFO o.a.j.JMeter: Available Processors =4
2025-05-18 14:00:30,553 INFO o.a.j.JMeter: Default Locale=English (EN)
2025-05-18 14:00:30,554 INFO o.a.j.JMeter: JMeter  Locale=English (EN)
2025-05-18 14:00:30,554 INFO o.a.j.JMeter: JMeterHome=/opt/jmeter
2025-05-18 14:00:30,554 INFO o.a.j.JMeter: user.dir  =/home/ta-cloud-lb/load-balancer-sim/apache-jmeter-5.6.3
2025-05-18 14:00:30,554 INFO o.a.j.JMeter: PWD       =/home/ta-cloud-lb/load-balancer-sim/apache-jmeter-5.6.3
2025-05-18 14:00:30,554 INFO o.a.j.JMeter: IP: 127.0.1.1 Name: broker.local FullName: broker.local
2025-05-18 14:00:30,578 INFO o.a.j.JMeter: Loaded icon properties from org/apache/jmeter/images/icon.properties
2025-05-18 14:00:30,889 INFO o.a.j.JMeterGuiLauncher: Setting LAF to: com.github.weisj.darklaf.DarkLaf:com.github.weisj.darklaf.theme.DarculaTheme
