2025-05-13 10:19:03,095 INFO o.a.j.u.JMeterUtils: Setting Locale to en_EN
2025-05-13 10:19:03,110 INFO o.a.j.JMeter: Loading user properties from: user.properties
2025-05-13 10:19:03,111 INFO o.a.j.JMeter: Loading system properties from: system.properties
2025-05-13 10:19:03,114 INFO o.a.j.JMeter: Copyright (c) 1998-2024 The Apache Software Foundation
2025-05-13 10:19:03,114 INFO o.a.j.JMeter: Version 5.6.3
2025-05-13 10:19:03,114 INFO o.a.j.JMeter: java.version=1.8.0_452
2025-05-13 10:19:03,114 INFO o.a.j.JMeter: java.vm.name=OpenJDK 64-Bit Server VM
2025-05-13 10:19:03,114 INFO o.a.j.JMeter: os.name=Linux
2025-05-13 10:19:03,114 INFO o.a.j.JMeter: os.arch=amd64
2025-05-13 10:19:03,114 INFO o.a.j.JMeter: os.version=6.11.0-25-generic
2025-05-13 10:19:03,114 INFO o.a.j.JMeter: file.encoding=UTF-8
2025-05-13 10:19:03,114 INFO o.a.j.JMeter: java.awt.headless=null
2025-05-13 10:19:03,114 INFO o.a.j.JMeter: Max memory     =1073741824
2025-05-13 10:19:03,115 INFO o.a.j.JMeter: Available Processors =4
2025-05-13 10:19:03,120 INFO o.a.j.JMeter: Default Locale=English (EN)
2025-05-13 10:19:03,121 INFO o.a.j.JMeter: JMeter  Locale=English (EN)
2025-05-13 10:19:03,121 INFO o.a.j.JMeter: JMeterHome=/home/ta-cloud-lb/load-balancer-sim/apache-jmeter-5.6.3
2025-05-13 10:19:03,121 INFO o.a.j.JMeter: user.dir  =/home/ta-cloud-lb/load-balancer-sim/apache-jmeter-5.6.3/bin
2025-05-13 10:19:03,121 INFO o.a.j.JMeter: PWD       =/home/ta-cloud-lb/load-balancer-sim/apache-jmeter-5.6.3/bin
2025-05-13 10:19:03,121 INFO o.a.j.JMeter: IP: 127.0.1.1 Name: broker.local FullName: broker.local
2025-05-13 10:19:03,138 INFO o.a.j.JMeter: Loaded icon properties from org/apache/jmeter/images/icon.properties
2025-05-13 10:19:03,426 INFO o.a.j.JMeterGuiLauncher: Setting LAF to: com.github.weisj.darklaf.DarkLaf:com.github.weisj.darklaf.theme.DarculaTheme
2025-05-13 10:19:09,619 INFO o.a.j.s.FileServer: Default base='/home/ta-cloud-lb/load-balancer-sim/apache-jmeter-5.6.3/bin'
2025-05-13 10:19:09,622 INFO o.a.j.g.a.Load: Loading file: /home/ta-cloud-lb/load-balancer-sim/testaza.jmx
2025-05-13 10:19:09,623 INFO o.a.j.s.FileServer: Set new base='/home/ta-cloud-lb/load-balancer-sim'
2025-05-13 10:19:09,744 INFO o.a.j.s.SaveService: Testplan (JMX) version: 2.2. Testlog (JTL) version: 2.2
2025-05-13 10:19:09,756 INFO o.a.j.s.SaveService: Using SaveService properties file encoding UTF-8
2025-05-13 10:19:09,757 INFO o.a.j.s.SaveService: Using SaveService properties version 5.0
2025-05-13 10:19:09,758 INFO o.a.j.s.SaveService: Loading file: /home/ta-cloud-lb/load-balancer-sim/testaza.jmx
2025-05-13 10:19:09,776 INFO o.a.j.p.h.s.HTTPSamplerBase: Parser for text/html is org.apache.jmeter.protocol.http.parser.LagartoBasedHtmlParser
2025-05-13 10:19:09,777 INFO o.a.j.p.h.s.HTTPSamplerBase: Parser for application/xhtml+xml is org.apache.jmeter.protocol.http.parser.LagartoBasedHtmlParser
2025-05-13 10:19:09,777 INFO o.a.j.p.h.s.HTTPSamplerBase: Parser for application/xml is org.apache.jmeter.protocol.http.parser.LagartoBasedHtmlParser
2025-05-13 10:19:09,777 INFO o.a.j.p.h.s.HTTPSamplerBase: Parser for text/xml is org.apache.jmeter.protocol.http.parser.LagartoBasedHtmlParser
2025-05-13 10:19:09,777 INFO o.a.j.p.h.s.HTTPSamplerBase: Parser for text/vnd.wap.wml is org.apache.jmeter.protocol.http.parser.RegexpHTMLParser
2025-05-13 10:19:09,777 INFO o.a.j.p.h.s.HTTPSamplerBase: Parser for text/css is org.apache.jmeter.protocol.http.parser.CssParser
2025-05-13 10:19:09,932 INFO o.a.j.s.SampleResult: Note: Sample TimeStamps are START times
2025-05-13 10:19:09,932 INFO o.a.j.s.SampleResult: sampleresult.default.encoding is set to UTF-8
2025-05-13 10:19:09,932 INFO o.a.j.s.SampleResult: sampleresult.useNanoTime=true
2025-05-13 10:19:09,932 INFO o.a.j.s.SampleResult: sampleresult.nanoThreadSleep=5000
2025-05-13 10:19:10,071 INFO o.a.j.s.FileServer: Set new base='/home/ta-cloud-lb/load-balancer-sim'
2025-05-13 10:20:43,480 INFO o.a.j.e.StandardJMeterEngine: Running the test!
2025-05-13 10:20:43,481 INFO o.a.j.s.SampleEvent: List of sample_variables: []
2025-05-13 10:20:43,481 INFO o.a.j.s.SampleEvent: List of sample_variables: []
2025-05-13 10:20:43,486 INFO o.a.j.e.u.CompoundVariable: Note: Function class names must contain the string: '.functions.'
2025-05-13 10:20:43,487 INFO o.a.j.e.u.CompoundVariable: Note: Function class names must not contain the string: '.gui.'
2025-05-13 10:20:43,764 INFO o.a.j.g.u.JMeterMenuBar: setRunning(true, *local*)
2025-05-13 10:20:43,832 INFO o.a.j.e.StandardJMeterEngine: Starting ThreadGroup: 1 : Users
2025-05-13 10:20:43,832 INFO o.a.j.e.StandardJMeterEngine: Starting 75 threads for group Users.
2025-05-13 10:20:43,832 INFO o.a.j.e.StandardJMeterEngine: Thread will continue on error
2025-05-13 10:20:43,832 INFO o.a.j.t.ThreadGroup: Starting thread group... number=1 threads=75 ramp-up=5 delayedStart=false
2025-05-13 10:20:43,878 INFO o.a.j.t.JMeterThread: Thread started: Users 1-1
2025-05-13 10:20:43,901 INFO o.a.j.p.h.s.HTTPHCAbstractImpl: Local host = broker.local
2025-05-13 10:20:43,902 INFO o.a.j.t.ThreadGroup: Started thread group number 1
2025-05-13 10:20:43,902 INFO o.a.j.e.StandardJMeterEngine: All thread groups have been started
2025-05-13 10:20:43,909 INFO o.a.j.p.h.s.HTTPHC4Impl: HTTP request retry count = 0
2025-05-13 10:20:43,942 INFO o.a.j.t.JMeterThread: Thread started: Users 1-2
2025-05-13 10:20:43,989 INFO o.a.j.t.JMeterThread: Thread started: Users 1-3
2025-05-13 10:20:44,071 INFO o.a.j.t.JMeterThread: Thread started: Users 1-4
2025-05-13 10:20:44,120 INFO o.a.j.t.JMeterThread: Thread started: Users 1-5
2025-05-13 10:20:44,183 INFO o.a.j.t.JMeterThread: Thread started: Users 1-6
2025-05-13 10:20:44,252 INFO o.a.j.t.JMeterThread: Thread started: Users 1-7
2025-05-13 10:20:44,320 INFO o.a.j.t.JMeterThread: Thread started: Users 1-8
2025-05-13 10:20:44,386 INFO o.a.j.t.JMeterThread: Thread started: Users 1-9
2025-05-13 10:20:44,475 INFO o.a.j.t.JMeterThread: Thread started: Users 1-10
2025-05-13 10:20:44,522 INFO o.a.j.t.JMeterThread: Thread started: Users 1-11
2025-05-13 10:20:44,599 INFO o.a.j.t.JMeterThread: Thread started: Users 1-12
2025-05-13 10:20:44,647 INFO o.a.j.t.JMeterThread: Thread started: Users 1-13
2025-05-13 10:20:44,722 INFO o.a.j.t.JMeterThread: Thread started: Users 1-14
2025-05-13 10:20:44,781 INFO o.a.j.t.JMeterThread: Thread started: Users 1-15
2025-05-13 10:20:44,851 INFO o.a.j.t.JMeterThread: Thread started: Users 1-16
2025-05-13 10:20:44,939 INFO o.a.j.t.JMeterThread: Thread started: Users 1-17
2025-05-13 10:20:45,001 INFO o.a.j.t.JMeterThread: Thread started: Users 1-18
2025-05-13 10:20:45,058 INFO o.a.j.t.JMeterThread: Thread started: Users 1-19
2025-05-13 10:20:45,137 INFO o.a.j.t.JMeterThread: Thread started: Users 1-20
2025-05-13 10:20:45,404 INFO o.a.j.t.JMeterThread: Thread started: Users 1-21
2025-05-13 10:20:45,404 INFO o.a.j.t.JMeterThread: Thread started: Users 1-24
2025-05-13 10:20:45,406 INFO o.a.j.t.JMeterThread: Thread started: Users 1-22
2025-05-13 10:20:45,403 INFO o.a.j.t.JMeterThread: Thread started: Users 1-23
2025-05-13 10:20:45,440 INFO o.a.j.t.JMeterThread: Thread started: Users 1-25
2025-05-13 10:20:45,509 INFO o.a.j.t.JMeterThread: Thread started: Users 1-26
2025-05-13 10:20:45,580 INFO o.a.j.t.JMeterThread: Thread started: Users 1-27
2025-05-13 10:20:45,642 INFO o.a.j.t.JMeterThread: Thread started: Users 1-28
2025-05-13 10:20:45,715 INFO o.a.j.t.JMeterThread: Thread started: Users 1-29
2025-05-13 10:20:45,777 INFO o.a.j.t.JMeterThread: Thread started: Users 1-30
2025-05-13 10:20:45,851 INFO o.a.j.t.JMeterThread: Thread started: Users 1-31
2025-05-13 10:20:45,913 INFO o.a.j.t.JMeterThread: Thread started: Users 1-32
2025-05-13 10:20:45,978 INFO o.a.j.t.JMeterThread: Thread started: Users 1-33
2025-05-13 10:20:46,051 INFO o.a.j.t.JMeterThread: Thread started: Users 1-34
2025-05-13 10:20:46,113 INFO o.a.j.t.JMeterThread: Thread started: Users 1-35
2025-05-13 10:20:46,182 INFO o.a.j.t.JMeterThread: Thread started: Users 1-36
2025-05-13 10:20:46,247 INFO o.a.j.t.JMeterThread: Thread started: Users 1-37
2025-05-13 10:20:46,313 INFO o.a.j.t.JMeterThread: Thread started: Users 1-38
2025-05-13 10:20:46,380 INFO o.a.j.t.JMeterThread: Thread started: Users 1-39
2025-05-13 10:20:46,446 INFO o.a.j.t.JMeterThread: Thread started: Users 1-40
2025-05-13 10:20:46,518 INFO o.a.j.t.JMeterThread: Thread started: Users 1-41
2025-05-13 10:20:46,581 INFO o.a.j.t.JMeterThread: Thread started: Users 1-42
2025-05-13 10:20:46,647 INFO o.a.j.t.JMeterThread: Thread started: Users 1-43
2025-05-13 10:20:46,714 INFO o.a.j.t.JMeterThread: Thread started: Users 1-44
2025-05-13 10:20:46,782 INFO o.a.j.t.JMeterThread: Thread started: Users 1-45
2025-05-13 10:20:46,852 INFO o.a.j.t.JMeterThread: Thread started: Users 1-46
2025-05-13 10:20:46,916 INFO o.a.j.t.JMeterThread: Thread started: Users 1-47
2025-05-13 10:20:46,985 INFO o.a.j.t.JMeterThread: Thread started: Users 1-48
2025-05-13 10:20:47,051 INFO o.a.j.t.JMeterThread: Thread started: Users 1-49
2025-05-13 10:20:47,123 INFO o.a.j.t.JMeterThread: Thread started: Users 1-50
2025-05-13 10:20:47,183 INFO o.a.j.t.JMeterThread: Thread started: Users 1-51
2025-05-13 10:20:47,250 INFO o.a.j.t.JMeterThread: Thread started: Users 1-52
2025-05-13 10:20:47,320 INFO o.a.j.t.JMeterThread: Thread started: Users 1-53
2025-05-13 10:20:47,387 INFO o.a.j.t.JMeterThread: Thread started: Users 1-54
2025-05-13 10:20:47,452 INFO o.a.j.t.JMeterThread: Thread started: Users 1-55
2025-05-13 10:20:47,519 INFO o.a.j.t.JMeterThread: Thread started: Users 1-56
2025-05-13 10:20:47,585 INFO o.a.j.t.JMeterThread: Thread started: Users 1-57
2025-05-13 10:20:47,653 INFO o.a.j.t.JMeterThread: Thread started: Users 1-58
2025-05-13 10:20:47,725 INFO o.a.j.t.JMeterThread: Thread started: Users 1-59
2025-05-13 10:20:47,792 INFO o.a.j.t.JMeterThread: Thread started: Users 1-60
2025-05-13 10:20:47,855 INFO o.a.j.t.JMeterThread: Thread started: Users 1-61
2025-05-13 10:20:47,922 INFO o.a.j.t.JMeterThread: Thread started: Users 1-62
2025-05-13 10:20:47,988 INFO o.a.j.t.JMeterThread: Thread started: Users 1-63
2025-05-13 10:20:48,057 INFO o.a.j.t.JMeterThread: Thread started: Users 1-64
2025-05-13 10:20:48,127 INFO o.a.j.t.JMeterThread: Thread started: Users 1-65
2025-05-13 10:20:48,217 INFO o.a.j.t.JMeterThread: Thread started: Users 1-66
2025-05-13 10:20:48,271 INFO o.a.j.t.JMeterThread: Thread started: Users 1-67
2025-05-13 10:20:48,322 INFO o.a.j.t.JMeterThread: Thread started: Users 1-68
2025-05-13 10:20:48,392 INFO o.a.j.t.JMeterThread: Thread started: Users 1-69
2025-05-13 10:20:48,455 INFO o.a.j.t.JMeterThread: Thread started: Users 1-70
2025-05-13 10:20:48,523 INFO o.a.j.t.JMeterThread: Thread started: Users 1-71
2025-05-13 10:20:48,627 INFO o.a.j.t.JMeterThread: Thread started: Users 1-72
2025-05-13 10:20:48,683 INFO o.a.j.t.JMeterThread: Thread started: Users 1-73
2025-05-13 10:20:48,726 INFO o.a.j.t.JMeterThread: Thread started: Users 1-74
2025-05-13 10:20:48,792 INFO o.a.j.t.JMeterThread: Thread started: Users 1-75
2025-05-13 10:21:49,915 INFO o.a.j.t.JMeterThread: Thread is done: Users 1-26
2025-05-13 10:21:49,915 INFO o.a.j.t.JMeterThread: Thread finished: Users 1-26
2025-05-13 10:21:50,154 INFO o.a.j.t.JMeterThread: Thread is done: Users 1-29
2025-05-13 10:21:50,155 INFO o.a.j.t.JMeterThread: Thread finished: Users 1-29
2025-05-13 10:21:53,162 INFO o.a.j.t.JMeterThread: Thread is done: Users 1-14
2025-05-13 10:21:53,162 INFO o.a.j.t.JMeterThread: Thread finished: Users 1-14
2025-05-13 10:21:54,552 INFO o.a.j.t.JMeterThread: Thread is done: Users 1-52
2025-05-13 10:21:54,552 INFO o.a.j.t.JMeterThread: Thread finished: Users 1-52
2025-05-13 10:21:57,803 INFO o.a.j.t.JMeterThread: Thread is done: Users 1-56
2025-05-13 10:21:57,803 INFO o.a.j.t.JMeterThread: Thread finished: Users 1-56
2025-05-13 10:21:57,811 INFO o.a.j.t.JMeterThread: Thread is done: Users 1-55
2025-05-13 10:21:57,812 INFO o.a.j.t.JMeterThread: Thread finished: Users 1-55
2025-05-13 10:21:58,218 INFO o.a.j.t.JMeterThread: Thread is done: Users 1-15
2025-05-13 10:21:58,218 INFO o.a.j.t.JMeterThread: Thread finished: Users 1-15
2025-05-13 10:21:58,557 INFO o.a.j.t.JMeterThread: Thread is done: Users 1-25
2025-05-13 10:21:58,558 INFO o.a.j.t.JMeterThread: Thread finished: Users 1-25
2025-05-13 10:21:58,860 INFO o.a.j.t.JMeterThread: Thread is done: Users 1-6
2025-05-13 10:21:58,860 INFO o.a.j.t.JMeterThread: Thread finished: Users 1-6
2025-05-13 10:21:59,289 INFO o.a.j.t.JMeterThread: Thread is done: Users 1-57
2025-05-13 10:21:59,289 INFO o.a.j.t.JMeterThread: Thread finished: Users 1-57
2025-05-13 10:21:59,591 INFO o.a.j.t.JMeterThread: Thread is done: Users 1-18
2025-05-13 10:21:59,591 INFO o.a.j.t.JMeterThread: Thread finished: Users 1-18
2025-05-13 10:21:59,999 INFO o.a.j.t.JMeterThread: Thread is done: Users 1-23
2025-05-13 10:21:59,999 INFO o.a.j.t.JMeterThread: Thread finished: Users 1-23
2025-05-13 10:22:00,014 INFO o.a.j.t.JMeterThread: Thread is done: Users 1-46
2025-05-13 10:22:00,014 INFO o.a.j.t.JMeterThread: Thread finished: Users 1-46
2025-05-13 10:22:00,255 INFO o.a.j.t.JMeterThread: Thread is done: Users 1-48
2025-05-13 10:22:00,255 INFO o.a.j.t.JMeterThread: Thread finished: Users 1-48
2025-05-13 10:22:00,561 INFO o.a.j.t.JMeterThread: Thread is done: Users 1-38
2025-05-13 10:22:00,561 INFO o.a.j.t.JMeterThread: Thread finished: Users 1-38
2025-05-13 10:22:00,561 INFO o.a.j.t.JMeterThread: Thread is done: Users 1-7
2025-05-13 10:22:00,561 INFO o.a.j.t.JMeterThread: Thread finished: Users 1-7
2025-05-13 10:22:01,037 INFO o.a.j.t.JMeterThread: Thread is done: Users 1-11
2025-05-13 10:22:01,037 INFO o.a.j.t.JMeterThread: Thread finished: Users 1-11
2025-05-13 10:22:01,387 INFO o.a.j.t.JMeterThread: Thread is done: Users 1-21
2025-05-13 10:22:01,388 INFO o.a.j.t.JMeterThread: Thread finished: Users 1-21
2025-05-13 10:22:01,448 INFO o.a.j.t.JMeterThread: Thread is done: Users 1-58
2025-05-13 10:22:01,448 INFO o.a.j.t.JMeterThread: Thread finished: Users 1-58
2025-05-13 10:22:01,798 INFO o.a.j.t.JMeterThread: Thread is done: Users 1-36
2025-05-13 10:22:01,799 INFO o.a.j.t.JMeterThread: Thread finished: Users 1-36
2025-05-13 10:22:01,876 INFO o.a.j.t.JMeterThread: Thread is done: Users 1-13
2025-05-13 10:22:01,876 INFO o.a.j.t.JMeterThread: Thread finished: Users 1-13
2025-05-13 10:22:02,158 INFO o.a.j.t.JMeterThread: Thread is done: Users 1-24
2025-05-13 10:22:02,158 INFO o.a.j.t.JMeterThread: Thread finished: Users 1-24
2025-05-13 10:22:02,756 INFO o.a.j.t.JMeterThread: Thread is done: Users 1-30
2025-05-13 10:22:02,756 INFO o.a.j.t.JMeterThread: Thread finished: Users 1-30
2025-05-13 10:22:03,127 INFO o.a.j.t.JMeterThread: Thread is done: Users 1-47
2025-05-13 10:22:03,128 INFO o.a.j.t.JMeterThread: Thread finished: Users 1-47
2025-05-13 10:22:03,302 INFO o.a.j.t.JMeterThread: Thread is done: Users 1-63
2025-05-13 10:22:03,303 INFO o.a.j.t.JMeterThread: Thread finished: Users 1-63
2025-05-13 10:22:03,435 INFO o.a.j.t.JMeterThread: Thread is done: Users 1-32
2025-05-13 10:22:03,435 INFO o.a.j.t.JMeterThread: Thread finished: Users 1-32
2025-05-13 10:22:03,575 INFO o.a.j.t.JMeterThread: Thread is done: Users 1-1
2025-05-13 10:22:03,575 INFO o.a.j.t.JMeterThread: Thread finished: Users 1-1
2025-05-13 10:22:03,740 INFO o.a.j.t.JMeterThread: Thread is done: Users 1-66
2025-05-13 10:22:03,740 INFO o.a.j.t.JMeterThread: Thread finished: Users 1-66
2025-05-13 10:22:03,990 INFO o.a.j.t.JMeterThread: Thread is done: Users 1-2
2025-05-13 10:22:03,990 INFO o.a.j.t.JMeterThread: Thread finished: Users 1-2
2025-05-13 10:22:04,021 INFO o.a.j.t.JMeterThread: Thread is done: Users 1-74
2025-05-13 10:22:04,021 INFO o.a.j.t.JMeterThread: Thread finished: Users 1-74
2025-05-13 10:22:04,515 INFO o.a.j.t.JMeterThread: Thread is done: Users 1-4
2025-05-13 10:22:04,516 INFO o.a.j.t.JMeterThread: Thread finished: Users 1-4
2025-05-13 10:22:04,564 INFO o.a.j.t.JMeterThread: Thread is done: Users 1-54
2025-05-13 10:22:04,564 INFO o.a.j.t.JMeterThread: Thread finished: Users 1-54
2025-05-13 10:22:04,581 INFO o.a.j.t.JMeterThread: Thread is done: Users 1-31
2025-05-13 10:22:04,581 INFO o.a.j.t.JMeterThread: Thread finished: Users 1-31
2025-05-13 10:22:04,873 INFO o.a.j.t.JMeterThread: Thread is done: Users 1-73
2025-05-13 10:22:04,873 INFO o.a.j.t.JMeterThread: Thread finished: Users 1-73
2025-05-13 10:22:05,045 INFO o.a.j.t.JMeterThread: Thread is done: Users 1-39
2025-05-13 10:22:05,045 INFO o.a.j.t.JMeterThread: Thread finished: Users 1-39
2025-05-13 10:22:05,224 INFO o.a.j.t.JMeterThread: Thread is done: Users 1-61
2025-05-13 10:22:05,224 INFO o.a.j.t.JMeterThread: Thread finished: Users 1-61
2025-05-13 10:22:05,240 INFO o.a.j.t.JMeterThread: Thread is done: Users 1-34
2025-05-13 10:22:05,240 INFO o.a.j.t.JMeterThread: Thread finished: Users 1-34
2025-05-13 10:22:05,457 INFO o.a.j.t.JMeterThread: Thread is done: Users 1-64
2025-05-13 10:22:05,457 INFO o.a.j.t.JMeterThread: Thread finished: Users 1-64
2025-05-13 10:22:05,549 INFO o.a.j.t.JMeterThread: Thread is done: Users 1-68
2025-05-13 10:22:05,549 INFO o.a.j.t.JMeterThread: Thread finished: Users 1-68
2025-05-13 10:22:05,672 INFO o.a.j.t.JMeterThread: Thread is done: Users 1-3
2025-05-13 10:22:05,672 INFO o.a.j.t.JMeterThread: Thread finished: Users 1-3
2025-05-13 10:22:05,708 INFO o.a.j.t.JMeterThread: Thread is done: Users 1-53
2025-05-13 10:22:05,709 INFO o.a.j.t.JMeterThread: Thread finished: Users 1-53
2025-05-13 10:22:05,916 INFO o.a.j.t.JMeterThread: Thread is done: Users 1-8
2025-05-13 10:22:05,916 INFO o.a.j.t.JMeterThread: Thread finished: Users 1-8
2025-05-13 10:22:05,968 INFO o.a.j.t.JMeterThread: Thread is done: Users 1-70
2025-05-13 10:22:05,972 INFO o.a.j.t.JMeterThread: Thread finished: Users 1-70
2025-05-13 10:22:06,229 INFO o.a.j.t.JMeterThread: Thread is done: Users 1-75
2025-05-13 10:22:06,229 INFO o.a.j.t.JMeterThread: Thread finished: Users 1-75
2025-05-13 10:22:06,568 INFO o.a.j.t.JMeterThread: Thread is done: Users 1-17
2025-05-13 10:22:06,568 INFO o.a.j.t.JMeterThread: Thread finished: Users 1-17
2025-05-13 10:22:06,711 INFO o.a.j.t.JMeterThread: Thread is done: Users 1-49
2025-05-13 10:22:06,711 INFO o.a.j.t.JMeterThread: Thread finished: Users 1-49
2025-05-13 10:22:06,835 INFO o.a.j.t.JMeterThread: Thread is done: Users 1-12
2025-05-13 10:22:06,835 INFO o.a.j.t.JMeterThread: Thread finished: Users 1-12
2025-05-13 10:22:06,907 INFO o.a.j.t.JMeterThread: Thread is done: Users 1-22
2025-05-13 10:22:06,907 INFO o.a.j.t.JMeterThread: Thread finished: Users 1-22
2025-05-13 10:22:07,544 INFO o.a.j.t.JMeterThread: Thread is done: Users 1-16
2025-05-13 10:22:07,544 INFO o.a.j.t.JMeterThread: Thread finished: Users 1-16
2025-05-13 10:22:07,574 INFO o.a.j.t.JMeterThread: Thread is done: Users 1-59
2025-05-13 10:22:07,574 INFO o.a.j.t.JMeterThread: Thread finished: Users 1-59
2025-05-13 10:22:07,922 INFO o.a.j.t.JMeterThread: Thread is done: Users 1-51
2025-05-13 10:22:07,923 INFO o.a.j.t.JMeterThread: Thread finished: Users 1-51
2025-05-13 10:22:07,966 INFO o.a.j.t.JMeterThread: Thread is done: Users 1-40
2025-05-13 10:22:07,966 INFO o.a.j.t.JMeterThread: Thread finished: Users 1-40
2025-05-13 10:22:08,062 INFO o.a.j.t.JMeterThread: Thread is done: Users 1-28
2025-05-13 10:22:08,063 INFO o.a.j.t.JMeterThread: Thread finished: Users 1-28
2025-05-13 10:22:08,857 INFO o.a.j.t.JMeterThread: Thread is done: Users 1-10
2025-05-13 10:22:08,857 INFO o.a.j.t.JMeterThread: Thread finished: Users 1-10
2025-05-13 10:22:09,178 INFO o.a.j.t.JMeterThread: Thread is done: Users 1-72
2025-05-13 10:22:09,179 INFO o.a.j.t.JMeterThread: Thread finished: Users 1-72
2025-05-13 10:22:09,634 INFO o.a.j.t.JMeterThread: Thread is done: Users 1-69
2025-05-13 10:22:09,635 INFO o.a.j.t.JMeterThread: Thread finished: Users 1-69
2025-05-13 10:22:09,712 INFO o.a.j.t.JMeterThread: Thread is done: Users 1-65
2025-05-13 10:22:09,712 INFO o.a.j.t.JMeterThread: Thread finished: Users 1-65
2025-05-13 10:22:11,393 INFO o.a.j.t.JMeterThread: Thread is done: Users 1-9
2025-05-13 10:22:11,393 INFO o.a.j.t.JMeterThread: Thread finished: Users 1-9
2025-05-13 10:22:11,794 INFO o.a.j.t.JMeterThread: Thread is done: Users 1-71
2025-05-13 10:22:11,794 INFO o.a.j.t.JMeterThread: Thread finished: Users 1-71
2025-05-13 10:22:11,983 INFO o.a.j.t.JMeterThread: Thread is done: Users 1-33
2025-05-13 10:22:11,983 INFO o.a.j.t.JMeterThread: Thread finished: Users 1-33
2025-05-13 10:22:12,188 INFO o.a.j.t.JMeterThread: Thread is done: Users 1-27
2025-05-13 10:22:12,188 INFO o.a.j.t.JMeterThread: Thread finished: Users 1-27
2025-05-13 10:22:12,664 INFO o.a.j.t.JMeterThread: Thread is done: Users 1-20
2025-05-13 10:22:12,664 INFO o.a.j.t.JMeterThread: Thread finished: Users 1-20
2025-05-13 10:22:12,909 INFO o.a.j.t.JMeterThread: Thread is done: Users 1-5
2025-05-13 10:22:12,909 INFO o.a.j.t.JMeterThread: Thread finished: Users 1-5
2025-05-13 10:22:13,082 INFO o.a.j.t.JMeterThread: Thread is done: Users 1-50
2025-05-13 10:22:13,082 INFO o.a.j.t.JMeterThread: Thread finished: Users 1-50
2025-05-13 10:22:13,184 INFO o.a.j.t.JMeterThread: Thread is done: Users 1-42
2025-05-13 10:22:13,184 INFO o.a.j.t.JMeterThread: Thread finished: Users 1-42
2025-05-13 10:22:14,223 INFO o.a.j.t.JMeterThread: Thread is done: Users 1-43
2025-05-13 10:22:14,224 INFO o.a.j.t.JMeterThread: Thread finished: Users 1-43
2025-05-13 10:22:15,443 INFO o.a.j.t.JMeterThread: Thread is done: Users 1-19
2025-05-13 10:22:15,443 INFO o.a.j.t.JMeterThread: Thread finished: Users 1-19
2025-05-13 10:22:16,353 INFO o.a.j.t.JMeterThread: Thread is done: Users 1-60
2025-05-13 10:22:16,353 INFO o.a.j.t.JMeterThread: Thread finished: Users 1-60
2025-05-13 10:22:17,267 INFO o.a.j.t.JMeterThread: Thread is done: Users 1-44
2025-05-13 10:22:17,267 INFO o.a.j.t.JMeterThread: Thread finished: Users 1-44
2025-05-13 10:22:17,618 INFO o.a.j.t.JMeterThread: Thread is done: Users 1-35
2025-05-13 10:22:17,619 INFO o.a.j.t.JMeterThread: Thread finished: Users 1-35
2025-05-13 10:22:17,767 INFO o.a.j.t.JMeterThread: Thread is done: Users 1-67
2025-05-13 10:22:17,767 INFO o.a.j.t.JMeterThread: Thread finished: Users 1-67
2025-05-13 10:22:18,751 INFO o.a.j.t.JMeterThread: Thread is done: Users 1-41
2025-05-13 10:22:18,751 INFO o.a.j.t.JMeterThread: Thread finished: Users 1-41
2025-05-13 10:22:19,783 INFO o.a.j.t.JMeterThread: Thread is done: Users 1-37
2025-05-13 10:22:19,784 INFO o.a.j.t.JMeterThread: Thread finished: Users 1-37
2025-05-13 10:22:20,376 INFO o.a.j.t.JMeterThread: Thread is done: Users 1-45
2025-05-13 10:22:20,376 INFO o.a.j.t.JMeterThread: Thread finished: Users 1-45
2025-05-13 10:22:22,275 INFO o.a.j.t.JMeterThread: Thread is done: Users 1-62
2025-05-13 10:22:22,276 INFO o.a.j.t.JMeterThread: Thread finished: Users 1-62
2025-05-13 10:22:22,276 INFO o.a.j.e.StandardJMeterEngine: Notifying test listeners of end of test
2025-05-13 10:22:22,277 INFO o.a.j.g.u.JMeterMenuBar: setRunning(false, *local*)
